# JRE version: Java(TM) SE Runtime Environment (8.0_212-b10) (build 1.8.0_212-b10)
# Java VM: Java HotSpot(TM) 64-Bit Server VM (25.212-b10 mixed mode bsd-amd64 compressed oops)
Heap:
 PSYoungGen      total 148992K, used 146064K [0x0000000795580000, 0x00000007a4780000, 0x00000007c0000000)
  eden space 90112K, 97% used [0x0000000795580000,0x000000079ab7fcf8,0x000000079ad80000)
  from space 58880K, 98% used [0x000000079f200000,0x00000007a2aa4500,0x00000007a2b80000)
  to   space 70144K, 0% used [0x000000079ad80000,0x000000079ad80000,0x000000079f200000)
 ParOldGen       total 437760K, used 432530K [0x0000000740000000, 0x000000075ab80000, 0x0000000795580000)
  object space 437760K, 98% used [0x0000000740000000,0x000000075a664ae8,0x000000075ab80000)
 Metaspace       used 16720K, capacity 16992K, committed 17408K, reserved 1064960K
  class space    used 2057K, capacity 2178K, committed 2304K, reserved 1048576K
GC Heap History (10 events):
Event: 3.213 GC heap before
{Heap before GC invocations=10 (full 3):
 PSYoungGen      total 117248K, used 116029K [0x0000000795580000, 0x00000007a1780000, 0x00000007c0000000)
  eden space 73216K, 100% used [0x0000000795580000,0x0000000799d00000,0x0000000799d00000)
  from space 44032K, 97% used [0x000000079d300000,0x000000079fccf630,0x000000079fe00000)
  to   space 55296K, 0% used [0x0000000799d00000,0x0000000799d00000,0x000000079d300000)
 ParOldGen       total 251904K, used 182584K [0x0000000740000000, 0x000000074f600000, 0x0000000795580000)
  object space 251904K, 72% used [0x0000000740000000,0x000000074b24e2d8,0x000000074f600000)
 Metaspace       used 16560K, capacity 16884K, committed 17024K, reserved 1064960K
  class space    used 2048K, capacity 2144K, committed 2176K, reserved 1048576K
Event: 3.244 GC heap after
Heap after GC invocations=10 (full 3):
 PSYoungGen      total 128512K, used 35796K [0x0000000795580000, 0x00000007a2b80000, 0x00000007c0000000)
  eden space 73216K, 0% used [0x0000000795580000,0x0000000795580000,0x0000000799d00000)
  from space 55296K, 64% used [0x0000000799d00000,0x000000079bff53e8,0x000000079d300000)
  to   space 58880K, 0% used [0x000000079f200000,0x000000079f200000,0x00000007a2b80000)
 ParOldGen       total 251904K, used 182592K [0x0000000740000000, 0x000000074f600000, 0x0000000795580000)
  object space 251904K, 72% used [0x0000000740000000,0x000000074b2502d8,0x000000074f600000)
 Metaspace       used 16560K, capacity 16884K, committed 17024K, reserved 1064960K
  class space    used 2048K, capacity 2144K, committed 2176K, reserved 1048576K
}
Event: 3.394 GC heap before
{Heap before GC invocations=11 (full 4):
 PSYoungGen      total 128512K, used 108934K [0x0000000795580000, 0x00000007a2b80000, 0x00000007c0000000)
  eden space 73216K, 99% used [0x0000000795580000,0x0000000799cec448,0x0000000799d00000)
  from space 55296K, 64% used [0x0000000799d00000,0x000000079bff53e8,0x000000079d300000)
  to   space 58880K, 0% used [0x000000079f200000,0x000000079f200000,0x00000007a2b80000)
 ParOldGen       total 251904K, used 200818K [0x0000000740000000, 0x000000074f600000, 0x0000000795580000)
  object space 251904K, 79% used [0x0000000740000000,0x000000074c41c858,0x000000074f600000)
 Metaspace       used 16569K, capacity 16884K, committed 17024K, reserved 1064960K
  class space    used 2048K, capacity 2144K, committed 2176K, reserved 1048576K
Event: 3.415 GC heap after
Heap after GC invocations=11 (full 4):
 PSYoungGen      total 128512K, used 0K [0x0000000795580000, 0x00000007a2b80000, 0x00000007c0000000)
  eden space 73216K, 0% used [0x0000000795580000,0x0000000795580000,0x0000000799d00000)
  from space 55296K, 0% used [0x0000000799d00000,0x0000000799d00000,0x000000079d300000)
  to   space 58880K, 0% used [0x000000079f200000,0x000000079f200000,0x00000007a2b80000)
 ParOldGen       total 281088K, used 103299K [0x0000000740000000, 0x0000000751280000, 0x0000000795580000)
  object space 281088K, 36% used [0x0000000740000000,0x00000007464e0ff8,0x0000000751280000)
 Metaspace       used 16569K, capacity 16884K, committed 17024K, reserved 1064960K
  class space    used 2048K, capacity 2144K, committed 2176K, reserved 1048576K
}
Event: 4.034 GC heap before
{Heap before GC invocations=12 (full 5):
 PSYoungGen      total 128512K, used 73216K [0x0000000795580000, 0x00000007a2b80000, 0x00000007c0000000)
  eden space 73216K, 100% used [0x0000000795580000,0x0000000799d00000,0x0000000799d00000)
  from space 55296K, 0% used [0x0000000799d00000,0x0000000799d00000,0x000000079d300000)
  to   space 58880K, 0% used [0x000000079f200000,0x000000079f200000,0x00000007a2b80000)
 ParOldGen       total 335872K, used 335617K [0x0000000740000000, 0x0000000754800000, 0x0000000795580000)
  object space 335872K, 99% used [0x0000000740000000,0x00000007547c0698,0x0000000754800000)
 Metaspace       used 16619K, capacity 16884K, committed 17024K, reserved 1064960K
  class space    used 2048K, capacity 2144K, committed 2176K, reserved 1048576K
Event: 4.060 GC heap after
Heap after GC invocations=12 (full 5):
 PSYoungGen      total 128512K, used 0K [0x0000000795580000, 0x00000007a2b80000, 0x00000007c0000000)
  eden space 73216K, 0% used [0x0000000795580000,0x0000000795580000,0x0000000799d00000)
  from space 55296K, 0% used [0x0000000799d00000,0x0000000799d00000,0x000000079d300000)
  to   space 58880K, 0% used [0x000000079f200000,0x000000079f200000,0x00000007a2b80000)
 ParOldGen       total 330752K, used 125534K [0x0000000740000000, 0x0000000754300000, 0x0000000795580000)
  object space 330752K, 37% used [0x0000000740000000,0x0000000747a97bd0,0x0000000754300000)
 Metaspace       used 16619K, capacity 16884K, committed 17024K, reserved 1064960K
  class space    used 2048K, capacity 2144K, committed 2176K, reserved 1048576K
}
Event: 4.769 GC heap before
{Heap before GC invocations=13 (full 6):
 PSYoungGen      total 128512K, used 73216K [0x0000000795580000, 0x00000007a2b80000, 0x00000007c0000000)
  eden space 73216K, 100% used [0x0000000795580000,0x0000000799d00000,0x0000000799d00000)
  from space 55296K, 0% used [0x0000000799d00000,0x0000000799d00000,0x000000079d300000)
  to   space 58880K, 0% used [0x000000079f200000,0x000000079f200000,0x00000007a2b80000)
 ParOldGen       total 343040K, used 339288K [0x0000000740000000, 0x0000000754f00000, 0x0000000795580000)
  object space 343040K, 98% used [0x0000000740000000,0x0000000754b56240,0x0000000754f00000)
 Metaspace       used 16655K, capacity 16956K, committed 17024K, reserved 1064960K
  class space    used 2048K, capacity 2144K, committed 2176K, reserved 1048576K
Event: 4.791 GC heap after
Heap after GC invocations=13 (full 6):
 PSYoungGen      total 128512K, used 0K [0x0000000795580000, 0x00000007a2b80000, 0x00000007c0000000)
  eden space 73216K, 0% used [0x0000000795580000,0x0000000795580000,0x0000000799d00000)
  from space 55296K, 0% used [0x0000000799d00000,0x0000000799d00000,0x000000079d300000)
  to   space 58880K, 0% used [0x000000079f200000,0x000000079f200000,0x00000007a2b80000)
 ParOldGen       total 296448K, used 61952K [0x0000000740000000, 0x0000000752180000, 0x0000000795580000)
  object space 296448K, 20% used [0x0000000740000000,0x0000000743c802f8,0x0000000752180000)
 Metaspace       used 16655K, capacity 16956K, committed 17024K, reserved 1064960K
  class space    used 2048K, capacity 2144K, committed 2176K, reserved 1048576K
}
Event: 4.965 GC heap before
{Heap before GC invocations=14 (full 6):
 PSYoungGen      total 128512K, used 71954K [0x0000000795580000, 0x00000007a2b80000, 0x00000007c0000000)
  eden space 73216K, 98% used [0x0000000795580000,0x0000000799bc49b0,0x0000000799d00000)
  from space 55296K, 0% used [0x0000000799d00000,0x0000000799d00000,0x000000079d300000)
  to   space 58880K, 0% used [0x000000079f200000,0x000000079f200000,0x00000007a2b80000)
 ParOldGen       total 296448K, used 71065K [0x0000000740000000, 0x0000000752180000, 0x0000000795580000)
  object space 296448K, 23% used [0x0000000740000000,0x0000000744566578,0x0000000752180000)
 Metaspace       used 16659K, capacity 16956K, committed 17024K, reserved 1064960K
  class space    used 2048K, capacity 2144K, committed 2176K, reserved 1048576K
Event: 4.986 GC heap after
Heap after GC invocations=14 (full 6):
 PSYoungGen      total 148992K, used 58001K [0x0000000795580000, 0x00000007a4780000, 0x00000007c0000000)
  eden space 90112K, 0% used [0x0000000795580000,0x0000000795580000,0x000000079ad80000)
  from space 58880K, 98% used [0x000000079f200000,0x00000007a2aa4500,0x00000007a2b80000)
  to   space 70144K, 0% used [0x000000079ad80000,0x000000079ad80000,0x000000079f200000)
 ParOldGen       total 296448K, used 83215K [0x0000000740000000, 0x0000000752180000, 0x0000000795580000)
  object space 296448K, 28% used [0x0000000740000000,0x0000000745143e78,0x0000000752180000)
 Metaspace       used 16659K, capacity 16956K, committed 17024K, reserved 1064960K
  class space    used 2048K, capacity 2144K, committed 2176K, reserved 1048576K
}

